{
  "stats": {
    "suites": 1,
    "tests": 46,
    "passes": 46,
    "pending": 0,
    "failures": 0,
    "start": "2018-10-20T05:40:58.834Z",
    "end": "2018-10-20T05:41:10.022Z",
    "duration": 11188,
    "testsRegistered": 46,
    "passPercent": 100,
    "pendingPercent": 0,
    "other": 0,
    "hasOther": false,
    "skipped": 0,
    "hasSkipped": false,
    "passPercentClass": "success",
    "pendingPercentClass": "danger"
  },
  "suites": {
    "uuid": "6edd531f-0de1-4555-8a89-b74430845b91",
    "title": "",
    "fullFile": "",
    "file": "",
    "beforeHooks": [],
    "afterHooks": [],
    "tests": [],
    "suites": [
      {
        "uuid": "c0ccdaf4-06ce-4670-b5ac-6e5e58b03eb7",
        "title": "IDEX EOS-ExchangeContract",
        "fullFile": "/Users/manjunanth.reddy/f42/projects/byzantine/codes/UberDEX/test/UberDEX.unit.tests.js",
        "file": "/UberDEX.unit.tests.js",
        "beforeHooks": [
          {
            "title": "\"before all\" hook",
            "fullTitle": "IDEX EOS-ExchangeContract \"before all\" hook",
            "timedOut": false,
            "duration": 0,
            "pass": false,
            "fail": false,
            "pending": false,
            "code": "",
            "err": {},
            "isRoot": false,
            "uuid": "36ae2a89-a112-43e6-bb35-17a11132a505",
            "isHook": true,
            "skipped": false
          }
        ],
        "afterHooks": [
          {
            "title": "\"after all\" hook",
            "fullTitle": "IDEX EOS-ExchangeContract \"after all\" hook",
            "timedOut": false,
            "duration": 0,
            "pass": false,
            "fail": false,
            "pending": false,
            "code": "",
            "err": {},
            "isRoot": false,
            "uuid": "1b056f9d-db6a-4d17-bf9d-7ebe46853325",
            "isHook": true,
            "skipped": false
          }
        ],
        "tests": [
          {
            "title": "[1] should return matching node version => 4f4e5c22",
            "fullTitle": "IDEX EOS-ExchangeContract [1] should return matching node version => 4f4e5c22",
            "timedOut": false,
            "duration": 19,
            "state": "passed",
            "speed": "fast",
            "pass": true,
            "fail": false,
            "pending": false,
            "code": "return chai.request(uberdexAPI)\n    .get('/info')\n    .then(function (res) {\n        log(res.body);\n        expect(res).to.have.status(200);\n        expect(res).to.be.json;\n        expect(res.body).to.be.an('object');\n        expect(res.body.server_version).to.be.an('string');\n        expect(res.body.server_version).to.equal('4f4e5c22');\n    });",
            "err": {},
            "isRoot": false,
            "uuid": "8e5c3d62-86fd-47f5-86cf-0962191fa56b",
            "isHook": false,
            "skipped": false
          },
          {
            "title": "[2] should reset *all* exchange accounts",
            "fullTitle": "IDEX EOS-ExchangeContract [2] should reset *all* exchange accounts",
            "timedOut": false,
            "duration": 415,
            "state": "passed",
            "speed": "slow",
            "pass": true,
            "fail": false,
            "pending": false,
            "code": "return chai.request(uberdexAPI)\n    .post('/reset')\n    .send({\n        owner: EXCHANGE\n    })\n    .then(function (res) {\n        log(res.body);\n        expect(res).to.have.status(200);\n        expect(res).to.be.json;\n        expect(res.body).to.be.an('object');\n        expect(res.body.transaction_id).to.be.an('string');\n        expect(res.body.processed.receipt.status).to.equal('executed');\n    });",
            "err": {},
            "isRoot": false,
            "uuid": "d0fa42d1-ebd6-4de5-8f31-1085133bcd4c",
            "isHook": false,
            "skipped": false
          },
          {
            "title": "[3] should allow setting an exchange admin account",
            "fullTitle": "IDEX EOS-ExchangeContract [3] should allow setting an exchange admin account",
            "timedOut": false,
            "duration": 341,
            "state": "passed",
            "speed": "slow",
            "pass": true,
            "fail": false,
            "pending": false,
            "code": "return chai.request(uberdexAPI)\n    .post('/setAdmin')\n    .send({\n        account: EXCHANGE_ADMIN,\n        isAdmin: true\n    })\n    .then(function (res) {\n        log(res.body);\n        expect(res).to.have.status(200);\n        expect(res).to.be.json;\n        expect(res.body).to.be.an('object');\n        expect(res.body.transaction_id).to.be.an('string');\n        expect(res.body.processed.receipt.status).to.equal('executed');\n    });",
            "err": {},
            "isRoot": false,
            "uuid": "1a45d83d-e47b-44f8-9c98-58331dbbf926",
            "isHook": false,
            "skipped": false
          },
          {
            "title": "[4] should allow exchange admin to set release period to trigger escape hatch with t=1",
            "fullTitle": "IDEX EOS-ExchangeContract [4] should allow exchange admin to set release period to trigger escape hatch with t=1",
            "timedOut": false,
            "duration": 240,
            "state": "passed",
            "speed": "slow",
            "pass": true,
            "fail": false,
            "pending": false,
            "code": "return chai.request(uberdexAPI)\n    .post('/setLockParameters')\n    .send({\n        admin: EXCHANGE_ADMIN,\n        tradelockperiod: TRADE_LOCK_PERIOD,\n        fundsreleaseperiod: FUNDS_RELEASE_PERIOD\n    })\n    .then(function (res) {\n        log(res.body);\n        expect(res).to.have.status(200);\n        expect(res).to.be.json;\n        expect(res.body).to.be.an('object');\n        expect(res.body.transaction_id).to.be.an('string');\n        expect(res.body.processed.receipt.status).to.equal('executed');\n    });",
            "err": {},
            "isRoot": false,
            "uuid": "2c4c5137-5d94-410f-ba0a-c2e641a36bbb",
            "isHook": false,
            "skipped": false
          },
          {
            "title": "[5] should allow EOS token deposit for escape-hatch-test from *escapeuser* for amount:3.1234 EOS",
            "fullTitle": "IDEX EOS-ExchangeContract [5] should allow EOS token deposit for escape-hatch-test from *escapeuser* for amount:3.1234 EOS",
            "timedOut": false,
            "duration": 338,
            "state": "passed",
            "speed": "slow",
            "pass": true,
            "fail": false,
            "pending": false,
            "code": "return chai.request(uberdexAPI)\n    .post('/deposit')\n    .send({\n        account: ESCAPE_HATCH_TEST_USER,\n        amount: ESCAPE_HATCH_DEPOSIT_AMOUNT\n    })\n    .then(function (res) {\n        log(res.body);\n        expect(res).to.have.status(200);\n        expect(res).to.be.json;\n        expect(res.body).to.be.an('object');\n        expect(res.body.transaction_id).to.be.an('string');\n        expect(res.body.processed.receipt.status).to.equal('executed');\n    });",
            "err": {},
            "isRoot": false,
            "uuid": "40bb2f58-cee3-4a49-ad38-83e67a68887a",
            "isHook": false,
            "skipped": false
          },
          {
            "title": "[6] should allow user to lock his exchange account",
            "fullTitle": "IDEX EOS-ExchangeContract [6] should allow user to lock his exchange account",
            "timedOut": false,
            "duration": 349,
            "state": "passed",
            "speed": "slow",
            "pass": true,
            "fail": false,
            "pending": false,
            "code": "return chai.request(uberdexAPI)\n    .post('/lock')\n    .send({\n        account: ESCAPE_HATCH_TEST_USER\n    })\n    .then(function (res) {\n        log(res.body);\n        expect(res).to.have.status(200);\n        expect(res).to.be.json;\n        expect(res.body).to.be.an('object');\n        expect(res.body.transaction_id).to.be.an('string');\n        expect(res.body.processed.receipt.status).to.equal('executed');\n    });",
            "err": {},
            "isRoot": false,
            "uuid": "a1717275-6a4e-4996-9932-2c632d066c49",
            "isHook": false,
            "skipped": false
          },
          {
            "title": "[7] should have zero fee-account-ledger balance for symbol EOS",
            "fullTitle": "IDEX EOS-ExchangeContract [7] should have zero fee-account-ledger balance for symbol EOS",
            "timedOut": false,
            "duration": 4,
            "state": "passed",
            "speed": "fast",
            "pass": true,
            "fail": false,
            "pending": false,
            "code": "return chai.request(uberdexAPI)\n    .post('/accountBalance')\n    .send({\n        user: LEDGER,\n        symbol: 'EOS'\n    })\n    .then(function (res) {\n        log(res.body);\n        expect(res).to.have.status(200);\n        expect(res).to.be.json;\n        expect(res.body).to.be.instanceof(Array);\n        expect(res.body).to.have.length.below(1);\n    });",
            "err": {},
            "isRoot": false,
            "uuid": "6b5963f2-a04c-430c-97fa-a341a094d8a4",
            "isHook": false,
            "skipped": false
          },
          {
            "title": "[8] should have zero fee-account-ledger balance for symbol SYS",
            "fullTitle": "IDEX EOS-ExchangeContract [8] should have zero fee-account-ledger balance for symbol SYS",
            "timedOut": false,
            "duration": 3,
            "state": "passed",
            "speed": "fast",
            "pass": true,
            "fail": false,
            "pending": false,
            "code": "return chai.request(uberdexAPI)\n    .post('/accountBalance')\n    .send({\n        user: LEDGER,\n        symbol: 'SYS'\n    })\n    .then(function (res) {\n        log(res.body);\n        expect(res).to.have.status(200);\n        expect(res).to.be.json;\n        expect(res.body).to.be.instanceof(Array);\n        expect(res.body).to.have.length.below(1);\n    });",
            "err": {},
            "isRoot": false,
            "uuid": "392ecab0-c2c3-46de-84d7-054abacb811d",
            "isHook": false,
            "skipped": false
          },
          {
            "title": "[9] should accept deposit from *maker1* for amount:100.0000 EOS",
            "fullTitle": "IDEX EOS-ExchangeContract [9] should accept deposit from *maker1* for amount:100.0000 EOS",
            "timedOut": false,
            "duration": 332,
            "state": "passed",
            "speed": "slow",
            "pass": true,
            "fail": false,
            "pending": false,
            "code": "return chai.request(uberdexAPI)\n    .post('/deposit')\n    .send({\n        account: MAKER1,\n        amount: MAKER1_TEST_DEPOSIT_AMOUNT\n    })\n    .then(function (res) {\n        log(res.body);\n        expect(res).to.have.status(200);\n        expect(res).to.be.json;\n        expect(res.body).to.be.an('object');\n        expect(res.body.transaction_id).to.be.an('string');\n        expect(res.body.processed.receipt.status).to.equal('executed');\n    });",
            "err": {},
            "isRoot": false,
            "uuid": "4c4e5f14-82cc-41ae-9494-d55c4a11b34d",
            "isHook": false,
            "skipped": false
          },
          {
            "title": "[10] should display exchange balances for *maker1* for amount:100.0000 EOS",
            "fullTitle": "IDEX EOS-ExchangeContract [10] should display exchange balances for *maker1* for amount:100.0000 EOS",
            "timedOut": false,
            "duration": 237,
            "state": "passed",
            "speed": "slow",
            "pass": true,
            "fail": false,
            "pending": false,
            "code": "return chai.request(uberdexAPI)\n    .post('/balance')\n    .send({\n        user: MAKER1\n    })\n    .then(function (res) {\n        log(res.body);\n        expect(res).to.have.status(200);\n        expect(res).to.be.json;\n        expect(res.body).to.be.an('object');\n        expect(res.body.transaction_id).to.be.an('string');\n        expect(res.body.processed.receipt.status).to.equal('executed');\n        var balanceJson = JSON.parse((res.body.processed.action_traces[0].console).replace(/\\'/g, \"\\\"\"));\n        expect(balanceJson.amount).to.equal(MAKER1_TEST_DEPOSIT_AMOUNT.replace(/[^\\d\\.]*/g, '') * 10000);\n        expect(balanceJson.token).to.equal(\"4,EOS@eosio.token\");\n        expect(balanceJson.account).to.equal(MAKER1);\n    });",
            "err": {},
            "isRoot": false,
            "uuid": "33e85b74-080b-47d7-a93f-d0d9ebcc8cac",
            "isHook": false,
            "skipped": false
          },
          {
            "title": "[11] should withdraw exchange balance for *maker1* for amount:100.0000 EOS@eosio.token",
            "fullTitle": "IDEX EOS-ExchangeContract [11] should withdraw exchange balance for *maker1* for amount:100.0000 EOS@eosio.token",
            "timedOut": false,
            "duration": 262,
            "state": "passed",
            "speed": "slow",
            "pass": true,
            "fail": false,
            "pending": false,
            "code": "return chai.request(uberdexAPI)\n    .post('/withdraw')\n    .send({\n        admin: EXCHANGE_ADMIN,\n        account: MAKER1,\n        amount: MAKER1_TEST_WITHDRAW_AMOUNT,\n        nonce: nonce\n    })\n    .then(function (res) {\n        log(res.body);\n        expect(res).to.have.status(200);\n        expect(res).to.be.json;\n        expect(res.body).to.be.an('object');\n        expect(res.body.transaction_id).to.be.an('string');\n        expect(res.body.processed.receipt.status).to.equal('executed');\n    });",
            "err": {},
            "isRoot": false,
            "uuid": "9d849411-c10a-474f-96e0-ca7539245b31",
            "isHook": false,
            "skipped": false
          },
          {
            "title": "[12] should display 0 exchange balance for *maker1* after withdrawal of amount:100.0000 EOS@eosio.token",
            "fullTitle": "IDEX EOS-ExchangeContract [12] should display 0 exchange balance for *maker1* after withdrawal of amount:100.0000 EOS@eosio.token",
            "timedOut": false,
            "duration": 292,
            "state": "passed",
            "speed": "slow",
            "pass": true,
            "fail": false,
            "pending": false,
            "code": "return chai.request(uberdexAPI)\n    .post('/balance')\n    .send({\n        user: MAKER1\n    })\n    .then(function (res) {\n        log(res.body);\n        expect(res).to.have.status(200);\n        expect(res).to.be.json;\n        expect(res.body).to.be.an('object');\n        expect(res.body.transaction_id).to.be.an('string');\n        expect(res.body.processed.receipt.status).to.equal('executed');\n        var balanceJson = JSON.parse((res.body.processed.action_traces[0].console).replace(/\\'/g, \"\\\"\"));\n        expect(balanceJson.amount).to.equal(0);\n        expect(balanceJson.token).to.equal(\"4,EOS@eosio.token\");\n        expect(balanceJson.account).to.equal(MAKER1);\n    });",
            "err": {},
            "isRoot": false,
            "uuid": "ac917679-1c4e-401e-bfa5-b85d936922e0",
            "isHook": false,
            "skipped": false
          },
          {
            "title": "[13] should accept deposit from *taker1* for amount:100.0000 SYS",
            "fullTitle": "IDEX EOS-ExchangeContract [13] should accept deposit from *taker1* for amount:100.0000 SYS",
            "timedOut": false,
            "duration": 266,
            "state": "passed",
            "speed": "slow",
            "pass": true,
            "fail": false,
            "pending": false,
            "code": "return chai.request(uberdexAPI)\n    .post('/deposit')\n    .send({\n        account: TAKER1,\n        amount: TAKER1_TEST_DEPOSIT_AMOUNT\n    })\n    .then(function (res) {\n        log(res.body);\n        expect(res).to.have.status(200);\n        expect(res).to.be.json;\n        expect(res.body).to.be.an('object');\n        expect(res.body.transaction_id).to.be.an('string');\n        expect(res.body.processed.receipt.status).to.equal('executed');\n    });",
            "err": {},
            "isRoot": false,
            "uuid": "ddc25a9d-5989-4cd8-babb-5ca075f01877",
            "isHook": false,
            "skipped": false
          },
          {
            "title": "[14] should display exchange balances for *taker1* for amount:100.0000 SYS",
            "fullTitle": "IDEX EOS-ExchangeContract [14] should display exchange balances for *taker1* for amount:100.0000 SYS",
            "timedOut": false,
            "duration": 295,
            "state": "passed",
            "speed": "slow",
            "pass": true,
            "fail": false,
            "pending": false,
            "code": "return chai.request(uberdexAPI)\n    .post('/balance')\n    .send({\n        user: TAKER1\n    })\n    .then(function (res) {\n        log(res.body);\n        expect(res).to.have.status(200);\n        expect(res).to.be.json;\n        expect(res.body).to.be.an('object');\n        expect(res.body.transaction_id).to.be.an('string');\n        expect(res.body.processed.receipt.status).to.equal('executed');\n        var balanceJson = JSON.parse((res.body.processed.action_traces[0].console).replace(/\\'/g, \"\\\"\"));\n        expect(balanceJson.amount).to.equal(TAKER1_TEST_DEPOSIT_AMOUNT.replace(/[^\\d\\.]*/g, '') * 10000);\n        expect(balanceJson.token).to.equal(\"4,SYS@eosio.token\");\n        expect(balanceJson.account).to.equal(TAKER1);\n    });",
            "err": {},
            "isRoot": false,
            "uuid": "beec0c75-0b1e-4809-b2c5-a7a458904277",
            "isHook": false,
            "skipped": false
          },
          {
            "title": "[15] should withdraw exchange balance for *taker1* for amount:100.0000 SYS@eosio.token",
            "fullTitle": "IDEX EOS-ExchangeContract [15] should withdraw exchange balance for *taker1* for amount:100.0000 SYS@eosio.token",
            "timedOut": false,
            "duration": 267,
            "state": "passed",
            "speed": "slow",
            "pass": true,
            "fail": false,
            "pending": false,
            "code": "return chai.request(uberdexAPI)\n    .post('/withdraw')\n    .send({\n        admin: EXCHANGE_ADMIN,\n        account: TAKER1,\n        amount: TAKER1_TEST_WITHDRAW_AMOUNT,\n        nonce: nonce\n    })\n    .then(function (res) {\n        log(res.body);\n        expect(res).to.have.status(200);\n        expect(res).to.be.json;\n        expect(res.body).to.be.an('object');\n        expect(res.body.transaction_id).to.be.an('string');\n        expect(res.body.processed.receipt.status).to.equal('executed');\n    });",
            "err": {},
            "isRoot": false,
            "uuid": "e27e7aa8-6d8f-44c6-b9c8-0aa1672e7e68",
            "isHook": false,
            "skipped": false
          },
          {
            "title": "[16] should display 0 exchange balance for *taker1* after withdrawal of amount:100.0000 SYS@eosio.token",
            "fullTitle": "IDEX EOS-ExchangeContract [16] should display 0 exchange balance for *taker1* after withdrawal of amount:100.0000 SYS@eosio.token",
            "timedOut": false,
            "duration": 288,
            "state": "passed",
            "speed": "slow",
            "pass": true,
            "fail": false,
            "pending": false,
            "code": "return chai.request(uberdexAPI)\n    .post('/balance')\n    .send({\n        user: TAKER1\n    })\n    .then(function (res) {\n        log(res.body);\n        expect(res).to.have.status(200);\n        expect(res).to.be.json;\n        expect(res.body).to.be.an('object');\n        expect(res.body.transaction_id).to.be.an('string');\n        expect(res.body.processed.receipt.status).to.equal('executed');\n        var balanceJson = JSON.parse((res.body.processed.action_traces[0].console).replace(/\\'/g, \"\\\"\"));\n        expect(balanceJson.amount).to.equal(0);\n        expect(balanceJson.token).to.equal(\"4,SYS@eosio.token\");\n        expect(balanceJson.account).to.equal(TAKER1);\n    });",
            "err": {},
            "isRoot": false,
            "uuid": "708ad545-b2c7-4577-b592-0db69d8a37f5",
            "isHook": false,
            "skipped": false
          },
          {
            "title": "[17] should accept deposit from *maker1* for amount:1000.0000 EOS",
            "fullTitle": "IDEX EOS-ExchangeContract [17] should accept deposit from *maker1* for amount:1000.0000 EOS",
            "timedOut": false,
            "duration": 346,
            "state": "passed",
            "speed": "slow",
            "pass": true,
            "fail": false,
            "pending": false,
            "code": "return chai.request(uberdexAPI)\n    .post('/deposit')\n    .send({\n        account: MAKER1,\n        amount: MAKER1_TEST_DEPOSIT_TRADE_AMOUNT\n    })\n    .then(function (res) {\n        log(res.body);\n        expect(res).to.have.status(200);\n        expect(res).to.be.json;\n        expect(res.body).to.be.an('object');\n        expect(res.body.transaction_id).to.be.an('string');\n        expect(res.body.processed.receipt.status).to.equal('executed');\n    });",
            "err": {},
            "isRoot": false,
            "uuid": "185237cb-76c3-45c8-bd9f-5e53e758ba86",
            "isHook": false,
            "skipped": false
          },
          {
            "title": "[18] should accept deposit from *taker1* for amount:1000.0000 SYS",
            "fullTitle": "IDEX EOS-ExchangeContract [18] should accept deposit from *taker1* for amount:1000.0000 SYS",
            "timedOut": false,
            "duration": 250,
            "state": "passed",
            "speed": "slow",
            "pass": true,
            "fail": false,
            "pending": false,
            "code": "return chai.request(uberdexAPI)\n    .post('/deposit')\n    .send({\n        account: TAKER1,\n        amount: TAKER1_TEST_DEPOSIT_TRADE_AMOUNT\n    })\n    .then(function (res) {\n        log(res.body);\n        expect(res).to.have.status(200);\n        expect(res).to.be.json;\n        expect(res.body).to.be.an('object');\n        expect(res.body.transaction_id).to.be.an('string');\n        expect(res.body.processed.receipt.status).to.equal('executed');\n    });",
            "err": {},
            "isRoot": false,
            "uuid": "706f9d20-ee87-4c87-afbc-cd37f16a82e2",
            "isHook": false,
            "skipped": false
          },
          {
            "title": "[19] should display exchange balance for *maker1* prior to trade for amount:1000.0000 EOS",
            "fullTitle": "IDEX EOS-ExchangeContract [19] should display exchange balance for *maker1* prior to trade for amount:1000.0000 EOS",
            "timedOut": false,
            "duration": 344,
            "state": "passed",
            "speed": "slow",
            "pass": true,
            "fail": false,
            "pending": false,
            "code": "return chai.request(uberdexAPI)\n    .post('/balance')\n    .send({\n        user: MAKER1\n    })\n    .then(function (res) {\n        log(res.body);\n        expect(res).to.have.status(200);\n        expect(res).to.be.json;\n        expect(res.body).to.be.an('object');\n        expect(res.body.transaction_id).to.be.an('string');\n        expect(res.body.processed.receipt.status).to.equal('executed');\n        var balanceJson = JSON.parse((res.body.processed.action_traces[0].console).replace(/\\'/g, \"\\\"\"));\n        expect(balanceJson.amount).to.equal(MAKER1_TEST_DEPOSIT_TRADE_AMOUNT.replace(/[^\\d\\.]*/g, '') * 10000);\n        expect(balanceJson.token).to.equal(\"4,EOS@eosio.token\");\n        expect(balanceJson.account).to.equal(MAKER1);\n    });",
            "err": {},
            "isRoot": false,
            "uuid": "e3a46eff-8358-4294-bf95-d13dfc01ae6a",
            "isHook": false,
            "skipped": false
          },
          {
            "title": "[20] should display exchange balances for *taker1* prior to trade for amount:1000.0000 SYS",
            "fullTitle": "IDEX EOS-ExchangeContract [20] should display exchange balances for *taker1* prior to trade for amount:1000.0000 SYS",
            "timedOut": false,
            "duration": 302,
            "state": "passed",
            "speed": "slow",
            "pass": true,
            "fail": false,
            "pending": false,
            "code": "return chai.request(uberdexAPI)\n    .post('/balance')\n    .send({\n        user: TAKER1\n    })\n    .then(function (res) {\n        log(res.body);\n        expect(res).to.have.status(200);\n        expect(res).to.be.json;\n        expect(res.body).to.be.an('object');\n        expect(res.body.transaction_id).to.be.an('string');\n        expect(res.body.processed.receipt.status).to.equal('executed');\n        var balanceJson = JSON.parse((res.body.processed.action_traces[0].console).replace(/\\'/g, \"\\\"\"));\n        expect(balanceJson.amount).to.equal(TAKER1_TEST_DEPOSIT_TRADE_AMOUNT.replace(/[^\\d\\.]*/g, '') * 10000);\n        expect(balanceJson.token).to.equal(\"4,SYS@eosio.token\");\n        expect(balanceJson.account).to.equal(TAKER1);\n    });",
            "err": {},
            "isRoot": false,
            "uuid": "3d9271e6-e136-4010-bccd-a59d208dba8c",
            "isHook": false,
            "skipped": false
          },
          {
            "title": "[21] should allow for registering *maker1* accounts public_key",
            "fullTitle": "IDEX EOS-ExchangeContract [21] should allow for registering *maker1* accounts public_key",
            "timedOut": false,
            "duration": 293,
            "state": "passed",
            "speed": "slow",
            "pass": true,
            "fail": false,
            "pending": false,
            "code": "return chai.request(uberdexAPI)\n    .post('/register')\n    .send({\n        account: MAKER1,\n        pubkey: process.env.USER_PUB_KEY\n    })\n    .then(function (res) {\n        log(res.body);\n        expect(res).to.have.status(200);\n        expect(res).to.be.json;\n        expect(res.body).to.be.an('object');\n        expect(res.body.transaction_id).to.be.an('string');\n        expect(res.body.processed.receipt.status).to.equal('executed');\n    });",
            "err": {},
            "isRoot": false,
            "uuid": "3f1a8510-d999-4828-9213-398938ce4240",
            "isHook": false,
            "skipped": false
          },
          {
            "title": "[22] should allow for registering *taker1* accounts public_key",
            "fullTitle": "IDEX EOS-ExchangeContract [22] should allow for registering *taker1* accounts public_key",
            "timedOut": false,
            "duration": 249,
            "state": "passed",
            "speed": "slow",
            "pass": true,
            "fail": false,
            "pending": false,
            "code": "return chai.request(uberdexAPI)\n    .post('/register')\n    .send({\n        account: TAKER1,\n        pubkey: process.env.USER_PUB_KEY //IDEX_USER_PUB_KEY\n    })\n    .then(function (res) {\n        log(res.body);\n        expect(res).to.have.status(200);\n        expect(res).to.be.json;\n        expect(res.body).to.be.an('object');\n        expect(res.body.transaction_id).to.be.an('string');\n        expect(res.body.processed.receipt.status).to.equal('executed');\n    });",
            "err": {},
            "isRoot": false,
            "uuid": "f34664db-9514-4549-8705-a4959899aa7e",
            "isHook": false,
            "skipped": false
          },
          {
            "title": "[23] should enable execution of a trade match action with admin signature between *maker=maker1* & *taker=taker1* for maker amount:=>EOS:100 & taker amount:=>SYS:100",
            "fullTitle": "IDEX EOS-ExchangeContract [23] should enable execution of a trade match action with admin signature between *maker=maker1* & *taker=taker1* for maker amount:=>EOS:100 & taker amount:=>SYS:100",
            "timedOut": false,
            "duration": 674,
            "state": "passed",
            "speed": "slow",
            "pass": true,
            "fail": false,
            "pending": false,
            "code": "// log({\n//     amountbuy: (((MAKER1_TEST_DEPOSIT_TRADE_AMOUNT.replace(/[^\\d\\.]*/g, '')) / 10) * 10000),\n//     amountsell: (((TAKER1_TEST_DEPOSIT_TRADE_AMOUNT.replace(/[^\\d\\.]*/g, '')) / 10) * 10000),\n//     nonce: 1,\n//     amount: (((MAKER1_TEST_DEPOSIT_TRADE_AMOUNT.replace(/[^\\d\\.]*/g, '')) / 10) * 10000),\n//     tradenonce: 1,\n//     tokenbuy: TAKER1_TEST_DEPOSIT_TRADE_AMOUNT.replace(/[^a-zA-Z]/g,''),\n//     tokensell: MAKER1_TEST_DEPOSIT_TRADE_AMOUNT.replace(/[^a-zA-Z]/g,''),\n//     makerfee: MAKER_FEE,\n//     takerfee:TAKER_FEE,\n//     maker:MAKER1,\n//     taker: TAKER1,\n//     feeaccount:EXCHANGE\n// });\nreturn chai.request(uberdexAPI)\n    .post('/trade')\n    .send({\n        admin: EXCHANGE_ADMIN,\n        amountbuy: (((MAKER1_TEST_DEPOSIT_TRADE_AMOUNT.replace(/[^\\d\\.]*/g, '')) / 10) * 10000),\n        amountsell: (((TAKER1_TEST_DEPOSIT_TRADE_AMOUNT.replace(/[^\\d\\.]*/g, '')) / 10) * 10000),\n        nonce: 1,\n        amount: (((MAKER1_TEST_DEPOSIT_TRADE_AMOUNT.replace(/[^\\d\\.]*/g, '')) / 10) * 10000),\n        tradenonce: 1,\n        tokenbuy: TAKER1_TEST_DEPOSIT_TRADE_AMOUNT.replace(/[^a-zA-Z]/g, ''),\n        tokensell: MAKER1_TEST_DEPOSIT_TRADE_AMOUNT.replace(/[^a-zA-Z]/g, ''),\n        makerfee: MAKER_FEE,\n        takerfee: TAKER_FEE,\n        maker: MAKER1,\n        taker: TAKER1,\n        feeaccount: LEDGER\n    })\n    .then(function (res) {\n        log(res.body);\n        expect(res).to.have.status(200);\n        expect(res).to.be.json;\n        expect(res.body).to.be.an('object');\n        expect(res.body.transaction_id).to.be.an('string');\n        expect(res.body.processed.receipt.status).to.equal('executed');\n    });",
            "err": {},
            "isRoot": false,
            "uuid": "e56d28fd-c7e1-4e3e-87b0-f02e5eda87e6",
            "isHook": false,
            "skipped": false
          },
          {
            "title": "[24] should validate MAKER_FEE and TAKER_FEE  on ledger account after trade Action for MAKER_FEE=>160 & TAKER_FEE=>260",
            "fullTitle": "IDEX EOS-ExchangeContract [24] should validate MAKER_FEE and TAKER_FEE  on ledger account after trade Action for MAKER_FEE=>160 & TAKER_FEE=>260",
            "timedOut": false,
            "duration": 330,
            "state": "passed",
            "speed": "slow",
            "pass": true,
            "fail": false,
            "pending": false,
            "code": "return chai.request(uberdexAPI)\n    .post('/balance')\n    .send({\n        user: LEDGER\n    })\n    .then(function (res) {\n        log(res.body);\n        expect(res).to.have.status(200);\n        expect(res).to.be.json;\n        expect(res.body).to.be.an('object');\n        expect(res.body.transaction_id).to.be.an('string');\n        expect(res.body.processed.receipt.status).to.equal('executed');\n        var balanceStr = (res.body.processed.action_traces[0].console).replace(/\\'/g, \"\\\"\");\n        var balanceJson = '[' + balanceStr.replace(/\\}{/g, \"\\},{\") + ']';\n        var makerFee = getAmountForSymbol(balanceJson, \"SYS\");\n        var takerFee = getAmountForSymbol(balanceJson, \"EOS\");\n        log(\"makerFee:takerFee accrued on ledger account => EOS@\" + makerFee / 10000 + \":SYS@\" + takerFee / 10000);\n        expect(makerFee).to.equal((MAKER1_TEST_DEPOSIT_TRADE_AMOUNT.replace(/[^\\d\\.]*/g, '') / 10 * 100) * (MAKER_FEE / 10000));\n        expect(takerFee).to.equal((TAKER1_TEST_DEPOSIT_TRADE_AMOUNT.replace(/[^\\d\\.]*/g, '') / 10 * 100) * (TAKER_FEE / 10000));\n    });",
            "err": {},
            "isRoot": false,
            "uuid": "6e2ff9c9-d61d-4203-9ddc-1f120adb5b0c",
            "isHook": false,
            "skipped": false
          },
          {
            "title": "[25] should validate Maker Balances & Token Symbols post Order match and Trade execution",
            "fullTitle": "IDEX EOS-ExchangeContract [25] should validate Maker Balances & Token Symbols post Order match and Trade execution",
            "timedOut": false,
            "duration": 241,
            "state": "passed",
            "speed": "slow",
            "pass": true,
            "fail": false,
            "pending": false,
            "code": "return chai.request(uberdexAPI)\n    .post('/balance')\n    .send({\n        user: MAKER1\n    })\n    .then(function (res) {\n        log(res.body);\n        expect(res).to.have.status(200);\n        expect(res).to.be.json;\n        expect(res.body).to.be.an('object');\n        expect(res.body.transaction_id).to.be.an('string');\n        expect(res.body.processed.receipt.status).to.equal('executed');\n        var balanceStr = (res.body.processed.action_traces[0].console).replace(/\\'/g, \"\\\"\");\n        var balanceJson = '[' + balanceStr.replace(/\\}{/g, \"\\},{\") + ']';\n        var eos_tokens = getAmountForSymbol(balanceJson, \"EOS\");\n        var sys_tokens = getAmountForSymbol(balanceJson, \"SYS\");\n        log(\"Maker balances on exchange post-trade => EOS@\" + eos_tokens / 10000 + \":SYS@\" + sys_tokens / 10000);\n        log(\"Maker Bal should be->SYS@\" + (1000 - 100 - (MAKER1_TEST_DEPOSIT_TRADE_AMOUNT.replace(/[^\\d\\.]*/g, '') / 10) * (MAKER_FEE / 10000)));\n        log(\"Maker Bal should be->EOS@\" + (MAKER1_TEST_DEPOSIT_TRADE_AMOUNT.replace(/[^\\d\\.]*/g, '') / 10));\n        // TODO: @reddy: derive the amount based on fee structure in lieu of hardcoded math\n        expect(eos_tokens).to.equal(899.974 * 10000);\n        // expect(eos_tokens / 10000).to.equal((1000 - 100 - (MAKER1_TEST_DEPOSIT_TRADE_AMOUNT.replace(/[^\\d\\.]*/g, '') / 10) * (MAKER_FEE / 10000)));\n        // expect(sys_tokens / 10000).to.equal((MAKER1_TEST_DEPOSIT_TRADE_AMOUNT.replace(/[^\\d\\.]*/g, '') / 10));\n    });",
            "err": {},
            "isRoot": false,
            "uuid": "9b4b9918-4a61-4d70-bedd-910b9875a75f",
            "isHook": false,
            "skipped": false
          },
          {
            "title": "[26] should validate Taker Balances & Token Symbols post Order match and Trade execution",
            "fullTitle": "IDEX EOS-ExchangeContract [26] should validate Taker Balances & Token Symbols post Order match and Trade execution",
            "timedOut": false,
            "duration": 229,
            "state": "passed",
            "speed": "slow",
            "pass": true,
            "fail": false,
            "pending": false,
            "code": "return chai.request(uberdexAPI)\n    .post('/balance')\n    .send({\n        user: TAKER1\n    })\n    .then(function (res) {\n        log(res.body);\n        expect(res).to.have.status(200);\n        expect(res).to.be.json;\n        expect(res.body).to.be.an('object');\n        expect(res.body.transaction_id).to.be.an('string');\n        expect(res.body.processed.receipt.status).to.equal('executed');\n        var balanceStr = (res.body.processed.action_traces[0].console).replace(/\\'/g, \"\\\"\");\n        var balanceJson = '[' + balanceStr.replace(/\\}{/g, \"\\},{\") + ']';\n        var eos_tokens = getAmountForSymbol(balanceJson, \"EOS\");\n        var sys_tokens = getAmountForSymbol(balanceJson, \"SYS\");\n        log(\"Taker balances on exchange post-trade => EOS@\" + eos_tokens / 10000 + \":SYS@\" + sys_tokens / 10000);\n        log(\"Taker Bal should be->SYS@\" + (1000 - 100 - (TAKER1_TEST_DEPOSIT_TRADE_AMOUNT.replace(/[^\\d\\.]*/g, '') / 10) * (TAKER_FEE / 10000)));\n        log(\"Taker Bal should be->EOS@\" + (TAKER1_TEST_DEPOSIT_TRADE_AMOUNT.replace(/[^\\d\\.]*/g, '') / 10));\n        //expect(sys_tokens / 10000).to.equal((1000 - 100 - (TAKER1_TEST_DEPOSIT_TRADE_AMOUNT.replace(/[^\\d\\.]*/g, '') / 10) * (TAKER_FEE / 10000)));\n        //expect(eos_tokens / 10000).to.equal((TAKER1_TEST_DEPOSIT_TRADE_AMOUNT.replace(/[^\\d\\.]*/g, '') / 10));\n        // TODO: @reddy: derive the amount based on fee structure in lieu of hardcoded math\n        expect(sys_tokens).to.equal(899.984 * 10000);\n    });",
            "err": {},
            "isRoot": false,
            "uuid": "88c65e14-fcfa-4e59-ace3-be9ca8d0406c",
            "isHook": false,
            "skipped": false
          },
          {
            "title": "[27] should enable withdrawing exchange balance post-trade for *maker1* for amount:898.4000 EOS@eosio.token with nonce=43",
            "fullTitle": "IDEX EOS-ExchangeContract [27] should enable withdrawing exchange balance post-trade for *maker1* for amount:898.4000 EOS@eosio.token with nonce=43",
            "timedOut": false,
            "duration": 262,
            "state": "passed",
            "speed": "slow",
            "pass": true,
            "fail": false,
            "pending": false,
            "code": "return chai.request(uberdexAPI)\n    .post('/withdraw')\n    .send({\n        admin: EXCHANGE_ADMIN,\n        account: MAKER1,\n        amount: MAKER1_TEST_WITHDRAW_TRADE_BALANCE_EOS,\n        nonce: nonce + 1\n    })\n    .then(function (res) {\n        log(res.body);\n        expect(res).to.have.status(200);\n        expect(res).to.be.json;\n        expect(res.body).to.be.an('object');\n        expect(res.body.transaction_id).to.be.an('string');\n        expect(res.body.processed.receipt.status).to.equal('executed');\n    });",
            "err": {},
            "isRoot": false,
            "uuid": "cd184bca-3421-48e7-930c-ad1e46afdf66",
            "isHook": false,
            "skipped": false
          },
          {
            "title": "[28] should enable withdrawing exchange balance post-trade for *maker1* for amount:100.0000 SYS@eosio.token with nonce=44",
            "fullTitle": "IDEX EOS-ExchangeContract [28] should enable withdrawing exchange balance post-trade for *maker1* for amount:100.0000 SYS@eosio.token with nonce=44",
            "timedOut": false,
            "duration": 293,
            "state": "passed",
            "speed": "slow",
            "pass": true,
            "fail": false,
            "pending": false,
            "code": "return chai.request(uberdexAPI)\n    .post('/withdraw')\n    .send({\n        admin: EXCHANGE_ADMIN,\n        account: MAKER1,\n        amount: MAKER1_TEST_WITHDRAW_TRADE_BALANCE_SYS,\n        nonce: nonce + 2\n    })\n    .then(function (res) {\n        log(res.body);\n        expect(res).to.have.status(200);\n        expect(res).to.be.json;\n        expect(res.body).to.be.an('object');\n        expect(res.body.transaction_id).to.be.an('string');\n        expect(res.body.processed.receipt.status).to.equal('executed');\n    });",
            "err": {},
            "isRoot": false,
            "uuid": "3c01cdc5-48bb-4326-8021-69455dc2f8d2",
            "isHook": false,
            "skipped": false
          },
          {
            "title": "[29] should enable withdrawing exchange balance post-trade for *taker1* for amount:100.0000 EOS@eosio.token with nonce=43",
            "fullTitle": "IDEX EOS-ExchangeContract [29] should enable withdrawing exchange balance post-trade for *taker1* for amount:100.0000 EOS@eosio.token with nonce=43",
            "timedOut": false,
            "duration": 294,
            "state": "passed",
            "speed": "slow",
            "pass": true,
            "fail": false,
            "pending": false,
            "code": "return chai.request(uberdexAPI)\n    .post('/withdraw')\n    .send({\n        admin: EXCHANGE_ADMIN,\n        account: TAKER1,\n        amount: TAKER1_TEST_WITHDRAW_TRADE_BALANCE_EOS,\n        nonce: nonce + 1\n    })\n    .then(function (res) {\n        log(res.body);\n        expect(res).to.have.status(200);\n        expect(res).to.be.json;\n        expect(res.body).to.be.an('object');\n        expect(res.body.transaction_id).to.be.an('string');\n        expect(res.body.processed.receipt.status).to.equal('executed');\n    });",
            "err": {},
            "isRoot": false,
            "uuid": "0844c0dc-f92f-419d-8fda-f04a1d7bdd98",
            "isHook": false,
            "skipped": false
          },
          {
            "title": "[30] should enable withdrawing exchange balance post-trade for *maker1* for amount:897.4000 SYS@eosio.token with nonce=44",
            "fullTitle": "IDEX EOS-ExchangeContract [30] should enable withdrawing exchange balance post-trade for *maker1* for amount:897.4000 SYS@eosio.token with nonce=44",
            "timedOut": false,
            "duration": 272,
            "state": "passed",
            "speed": "slow",
            "pass": true,
            "fail": false,
            "pending": false,
            "code": "return chai.request(uberdexAPI)\n    .post('/withdraw')\n    .send({\n        admin: EXCHANGE_ADMIN,\n        account: TAKER1,\n        amount: TAKER1_TEST_WITHDRAW_TRADE_BALANCE_SYS,\n        nonce: nonce + 2\n    })\n    .then(function (res) {\n        log(res.body);\n        expect(res).to.have.status(200);\n        expect(res).to.be.json;\n        expect(res.body).to.be.an('object');\n        expect(res.body.transaction_id).to.be.an('string');\n        expect(res.body.processed.receipt.status).to.equal('executed');\n    });",
            "err": {},
            "isRoot": false,
            "uuid": "00bbdedd-1ad5-49d2-9d8f-e4f2036eb1a6",
            "isHook": false,
            "skipped": false
          },
          {
            "title": "[31 & 32] should validate feeAccount [LEDGER] balance post-trade for amount:0.016 EOS@eosio.token && 0.026 SYS@eosio.token",
            "fullTitle": "IDEX EOS-ExchangeContract [31 & 32] should validate feeAccount [LEDGER] balance post-trade for amount:0.016 EOS@eosio.token && 0.026 SYS@eosio.token",
            "timedOut": false,
            "duration": 223,
            "state": "passed",
            "speed": "slow",
            "pass": true,
            "fail": false,
            "pending": false,
            "code": "return chai.request(uberdexAPI)\n    .post('/balance')\n    .send({\n        user: LEDGER\n    })\n    .then(function (res) {\n        log(res.body);\n        expect(res).to.have.status(200);\n        expect(res).to.be.json;\n        expect(res.body).to.be.an('object');\n        expect(res.body.transaction_id).to.be.an('string');\n        expect(res.body.processed.receipt.status).to.equal('executed');\n        var balanceStr = (res.body.processed.action_traces[0].console).replace(/\\'/g, \"\\\"\");\n        var balanceJson = '[' + balanceStr.replace(/\\}{/g, \"\\},{\") + ']';\n        var eos_tokens = getAmountForSymbol(balanceJson, \"EOS\");\n        var sys_tokens = getAmountForSymbol(balanceJson, \"SYS\");\n        log(\"LEDGER balances on exchange post-trade => EOS@\" + eos_tokens / 10000 + \":SYS@\" + sys_tokens / 10000);\n        log(\"LEDGER Bal should be-> 0.026 SYS\");\n        log(\"LEDGER Bal should be->0.016 EOS\");\n        // TODO: @reddy: derive the amount based on fee structure in lieu of hardcoded math\n        expect(eos_tokens / 10000).to.equal(0.026);\n        expect(sys_tokens / 10000).to.equal(0.016);\n    });",
            "err": {},
            "isRoot": false,
            "uuid": "fd704854-ddaf-4917-b3c6-f7c19a22e4ff",
            "isHook": false,
            "skipped": false
          },
          {
            "title": "[33] should allow IQ token deposit using everipediaiq token contract from *reddy* for amount:1.0000 IQ",
            "fullTitle": "IDEX EOS-ExchangeContract [33] should allow IQ token deposit using everipediaiq token contract from *reddy* for amount:1.0000 IQ",
            "timedOut": false,
            "duration": 328,
            "state": "passed",
            "speed": "slow",
            "pass": true,
            "fail": false,
            "pending": false,
            "code": "return chai.request(uberdexAPI)\n    .post('/deposit')\n    .send({\n        account: MULTI_TOKEN_CONTRACT_TEST_USER,\n        amount: MULTI_TOKEN_CONTRACT_DEPOSIT_TRADE_AMOUNT\n    })\n    .then(function (res) {\n        log(res.body);\n        expect(res).to.have.status(200);\n        expect(res).to.be.json;\n        expect(res.body).to.be.an('object');\n        expect(res.body.transaction_id).to.be.an('string');\n        expect(res.body.processed.receipt.status).to.equal('executed');\n    });",
            "err": {},
            "isRoot": false,
            "uuid": "00b739f9-e4a4-4c66-99cb-6a7b6b3e96de",
            "isHook": false,
            "skipped": false
          },
          {
            "title": "[34] should allow IQ token withdraw using everipediaiq token contract from *reddy* for amount:1.0000 IQ@everipediaiq",
            "fullTitle": "IDEX EOS-ExchangeContract [34] should allow IQ token withdraw using everipediaiq token contract from *reddy* for amount:1.0000 IQ@everipediaiq",
            "timedOut": false,
            "duration": 264,
            "state": "passed",
            "speed": "slow",
            "pass": true,
            "fail": false,
            "pending": false,
            "code": "return chai.request(uberdexAPI)\n    .post('/withdraw')\n    .send({\n        admin: EXCHANGE_ADMIN,\n        account: MULTI_TOKEN_CONTRACT_TEST_USER,\n        amount: MULTI_TOKEN_CONTRACT_WITHDRAW_TRADE_AMOUNT,\n        nonce: nonce\n    })\n    .then(function (res) {\n        log(res.body);\n        expect(res).to.have.status(200);\n        expect(res).to.be.json;\n        expect(res.body).to.be.an('object');\n        expect(res.body.transaction_id).to.be.an('string');\n        expect(res.body.processed.receipt.status).to.equal('executed');\n    });",
            "err": {},
            "isRoot": false,
            "uuid": "190dff6f-645d-4319-bd50-23d986f0cfbb",
            "isHook": false,
            "skipped": false
          },
          {
            "title": "[35] should allow EOS token withdrawal without admin/exchange signatures for escape-hatch-test from *escapeuser* for amount:1.1234 EOS@eosio.token",
            "fullTitle": "IDEX EOS-ExchangeContract [35] should allow EOS token withdrawal without admin/exchange signatures for escape-hatch-test from *escapeuser* for amount:1.1234 EOS@eosio.token",
            "timedOut": false,
            "duration": 232,
            "state": "passed",
            "speed": "slow",
            "pass": true,
            "fail": false,
            "pending": false,
            "code": "return chai.request(uberdexAPI)\n    .post('/withdrawViaEscapeHatch')\n    .send({\n        account: ESCAPE_HATCH_TEST_USER,\n        amount: ESCAPE_HATCH_WITHDRAW_AMOUNT,\n        nonce: nonce + 1\n    })\n    .then(function (res) {\n        log(res.body);\n        expect(res).to.have.status(200);\n        expect(res).to.be.json;\n        expect(res.body).to.be.an('object');\n        expect(res.body.transaction_id).to.be.an('string');\n        expect(res.body.processed.receipt.status).to.equal('executed');\n    });",
            "err": {},
            "isRoot": false,
            "uuid": "d02fc6e0-9ae4-45aa-a737-549c46c4c722",
            "isHook": false,
            "skipped": false
          },
          {
            "title": "[36] should allow order invalidations for nonce <= 50",
            "fullTitle": "IDEX EOS-ExchangeContract [36] should allow order invalidations for nonce <= 50",
            "timedOut": false,
            "duration": 263,
            "state": "passed",
            "speed": "slow",
            "pass": true,
            "fail": false,
            "pending": false,
            "code": "return chai.request(uberdexAPI)\n    .post('/invalidateOrders')\n    .send({\n        admin: EXCHANGE_ADMIN,\n        account: ESCAPE_HATCH_TEST_USER,\n        nonce: invalidate_orders_before_nonce\n    })\n    .then(function (res) {\n        log(res.body);\n        expect(res).to.have.status(200);\n        expect(res).to.be.json;\n        expect(res.body).to.be.an('object');\n        expect(res.body.transaction_id).to.be.an('string');\n        expect(res.body.processed.receipt.status).to.equal('executed');\n    });",
            "err": {},
            "isRoot": false,
            "uuid": "d1a5b041-4f2b-4320-b612-eb98096270a9",
            "isHook": false,
            "skipped": false
          },
          {
            "title": "[37] should allow token withdrawal when user_lock_period + inactivity time period is less than current block for *escapeuser* for amount:1.0000 EOS@eosio.token",
            "fullTitle": "IDEX EOS-ExchangeContract [37] should allow token withdrawal when user_lock_period + inactivity time period is less than current block for *escapeuser* for amount:1.0000 EOS@eosio.token",
            "timedOut": false,
            "duration": 243,
            "state": "passed",
            "speed": "slow",
            "pass": true,
            "fail": false,
            "pending": false,
            "code": "return chai.request(uberdexAPI)\n    .post('/withdrawViaEscapeHatch')\n    .send({\n        account: ESCAPE_HATCH_TEST_USER,\n        amount: LOCK_WITHDRAW_AMOUNT,\n        nonce: nonce + 2\n    })\n    .then(function (res) {\n        log(res.body);\n        expect(res).to.have.status(200);\n        expect(res).to.be.json;\n        expect(res.body).to.be.an('object');\n        expect(res.body.transaction_id).to.be.an('string');\n        expect(res.body.processed.receipt.status).to.equal('executed');\n    });",
            "err": {},
            "isRoot": false,
            "uuid": "774ad8c1-84e7-4ee2-b518-cbe76643c390",
            "isHook": false,
            "skipped": false
          },
          {
            "title": "[38] should allow token withdrawal when user_lock_period + inactivity time period is less than current block for *escapeuser* for amount:1.0000 EOS@eosio.token",
            "fullTitle": "IDEX EOS-ExchangeContract [38] should allow token withdrawal when user_lock_period + inactivity time period is less than current block for *escapeuser* for amount:1.0000 EOS@eosio.token",
            "timedOut": false,
            "duration": 303,
            "state": "passed",
            "speed": "slow",
            "pass": true,
            "fail": false,
            "pending": false,
            "code": "return chai.request(uberdexAPI)\n    .post('/withdrawViaEscapeHatch')\n    .send({\n        account: ESCAPE_HATCH_TEST_USER,\n        amount: LOCK_WITHDRAW_AMOUNT,\n        nonce: nonce + 3\n    })\n    .then(function (res) {\n        log(res.body);\n        expect(res).to.have.status(200);\n        expect(res).to.be.json;\n        expect(res.body).to.be.an('object');\n        expect(res.body.transaction_id).to.be.an('string');\n        expect(res.body.processed.receipt.status).to.equal('executed');\n    });",
            "err": {},
            "isRoot": false,
            "uuid": "6a680595-f7a1-46eb-961b-45e3d32f7125",
            "isHook": false,
            "skipped": false
          },
          {
            "title": "[39] should allow user to unlock his exchange account",
            "fullTitle": "IDEX EOS-ExchangeContract [39] should allow user to unlock his exchange account",
            "timedOut": false,
            "duration": 295,
            "state": "passed",
            "speed": "slow",
            "pass": true,
            "fail": false,
            "pending": false,
            "code": "return chai.request(uberdexAPI)\n    .post('/unlock')\n    .send({\n        account: ESCAPE_HATCH_TEST_USER\n    })\n    .then(function (res) {\n        log(res.body);\n        expect(res).to.have.status(200);\n        expect(res).to.be.json;\n        expect(res.body).to.be.an('object');\n        expect(res.body.transaction_id).to.be.an('string');\n        expect(res.body.processed.receipt.status).to.equal('executed');\n    });",
            "err": {},
            "isRoot": false,
            "uuid": "f454b08a-ff1a-4f69-89f0-1e26087b1d6d",
            "isHook": false,
            "skipped": false
          },
          {
            "title": "[40] should not allow token withdrawal via escape hatch route after user has unlocked account for *escapeuser* for amount:1.0000 EOS@eosio.token",
            "fullTitle": "IDEX EOS-ExchangeContract [40] should not allow token withdrawal via escape hatch route after user has unlocked account for *escapeuser* for amount:1.0000 EOS@eosio.token",
            "timedOut": false,
            "duration": 293,
            "state": "passed",
            "speed": "slow",
            "pass": true,
            "fail": false,
            "pending": false,
            "code": "return chai.request(uberdexAPI)\n    .post('/withdrawViaEscapeHatch')\n    .send({\n        account: ESCAPE_HATCH_TEST_USER,\n        amount: POST_UNLOCK_WITHDRAW_AMOUNT,\n        nonce: nonce + 4\n    })\n    .then(function (res) {\n        log(res.body);\n        expect(res).to.have.status(400);\n    });",
            "err": {},
            "isRoot": false,
            "uuid": "b471b0ad-92ee-43dd-a51f-efd1ccd56b09",
            "isHook": false,
            "skipped": false
          },
          {
            "title": "[41] should reset *all* exchange accounts",
            "fullTitle": "IDEX EOS-ExchangeContract [41] should reset *all* exchange accounts",
            "timedOut": false,
            "duration": 265,
            "state": "passed",
            "speed": "slow",
            "pass": true,
            "fail": false,
            "pending": false,
            "code": "return chai.request(uberdexAPI)\n    .post('/reset')\n    .send({\n        owner: EXCHANGE\n    })\n    .then(function (res) {\n        log(res.body);\n        expect(res).to.have.status(200);\n        expect(res).to.be.json;\n        expect(res.body).to.be.an('object');\n        expect(res.body.transaction_id).to.be.an('string');\n        expect(res.body.processed.receipt.status).to.equal('executed');\n    });",
            "err": {},
            "isRoot": false,
            "uuid": "efe15099-5fe6-4b46-95eb-dc88e87a67de",
            "isHook": false,
            "skipped": false
          },
          {
            "title": "[41] should return EOS Derivative Token + Symbols",
            "fullTitle": "IDEX EOS-ExchangeContract [41] should return EOS Derivative Token + Symbols",
            "timedOut": false,
            "duration": 24,
            "state": "passed",
            "speed": "fast",
            "pass": true,
            "fail": false,
            "pending": false,
            "code": "return chai.request(uberdexAPI)\n    .get('/symbols')\n    .then(function (res) {\n        log(res.body);\n        expect(res).to.have.status(200);\n        expect(res).to.be.json;\n        expect(res.body).to.be.an('array');\n        // expect(res.body.server_version).to.be.an('string');\n        //expect(res.body.server_version).to.equal('4f4e5c22');\n    });",
            "err": {},
            "isRoot": false,
            "uuid": "ef25460b-121d-4cac-a8e4-46f5a0195eb3",
            "isHook": false,
            "skipped": false
          },
          {
            "title": "[42] should return EOS Derivative Token Symbol Ticker",
            "fullTitle": "IDEX EOS-ExchangeContract [42] should return EOS Derivative Token Symbol Ticker",
            "timedOut": false,
            "duration": 27,
            "state": "passed",
            "speed": "fast",
            "pass": true,
            "fail": false,
            "pending": false,
            "code": "return chai.request(uberdexAPI)\n    .get('/ticker')\n    .then(function (res) {\n        log(res.body);\n        expect(res).to.have.status(200);\n        expect(res).to.be.json;\n        expect(res.body).to.be.an('array');\n        // expect(res.body.server_version).to.be.an('string');\n        //expect(res.body.server_version).to.equal('4f4e5c22');\n    });",
            "err": {},
            "isRoot": false,
            "uuid": "0d06e242-5148-4866-ab28-fa38a4c00857",
            "isHook": false,
            "skipped": false
          },
          {
            "title": "[43] should return Ticker data for a specific symbol => IQ",
            "fullTitle": "IDEX EOS-ExchangeContract [43] should return Ticker data for a specific symbol => IQ",
            "timedOut": false,
            "duration": 8,
            "state": "passed",
            "speed": "fast",
            "pass": true,
            "fail": false,
            "pending": false,
            "code": "return chai.request(uberdexAPI)\n    .get('/tickerBySymbol')\n    .then(function (res) {\n        log(res.body);\n        expect(res).to.have.status(200);\n        expect(res).to.be.json;\n        expect(res.body).to.be.an('array');\n        // expect(res.body.server_version).to.be.an('string');\n        //expect(res.body.server_version).to.equal('4f4e5c22');\n    });",
            "err": {},
            "isRoot": false,
            "uuid": "bba2083b-bad5-4f38-bdbc-22e4c759cab8",
            "isHook": false,
            "skipped": false
          },
          {
            "title": "[44] should return BUY side Order data for a specific symbol => IQ and depth=10",
            "fullTitle": "IDEX EOS-ExchangeContract [44] should return BUY side Order data for a specific symbol => IQ and depth=10",
            "timedOut": false,
            "duration": 17,
            "state": "passed",
            "speed": "fast",
            "pass": true,
            "fail": false,
            "pending": false,
            "code": "return chai.request(uberdexAPI)\n    .get('/orderBySymbolBuySide')\n    .then(function (res) {\n        log(res.body);\n        expect(res).to.have.status(200);\n        expect(res).to.be.json;\n        expect(res.body).to.be.an('array');\n        // expect(res.body.server_version).to.be.an('string');\n        //expect(res.body.server_version).to.equal('4f4e5c22');\n    });",
            "err": {},
            "isRoot": false,
            "uuid": "b2815399-9ccf-4817-9fd1-54adade45596",
            "isHook": false,
            "skipped": false
          },
          {
            "title": "[45] should return SELL side Order data for a specific symbol => IQ and depth=10",
            "fullTitle": "IDEX EOS-ExchangeContract [45] should return SELL side Order data for a specific symbol => IQ and depth=10",
            "timedOut": false,
            "duration": 20,
            "state": "passed",
            "speed": "fast",
            "pass": true,
            "fail": false,
            "pending": false,
            "code": "return chai.request(uberdexAPI)\n    .get('/orderBySymbolSellSide')\n    .then(function (res) {\n        log(res.body);\n        expect(res).to.have.status(200);\n        expect(res).to.be.json;\n        expect(res.body).to.be.an('array');\n        // expect(res.body.server_version).to.be.an('string');\n        //expect(res.body.server_version).to.equal('4f4e5c22');\n    });",
            "err": {},
            "isRoot": false,
            "uuid": "0caa881c-0e36-4a54-9b16-fce13bbf2b13",
            "isHook": false,
            "skipped": false
          },
          {
            "title": "[46] should return LDAR Order book by specific symbol => IQ and depth=10",
            "fullTitle": "IDEX EOS-ExchangeContract [46] should return LDAR Order book by specific symbol => IQ and depth=10",
            "timedOut": false,
            "duration": 26,
            "state": "passed",
            "speed": "fast",
            "pass": true,
            "fail": false,
            "pending": false,
            "code": "return chai.request(uberdexAPI)\n    .get('/orderbook')\n    .then(function (res) {\n        log(res.body);\n        expect(res).to.have.status(200);\n        expect(res).to.be.json;\n        expect(res.body).to.be.an('object');\n        // expect(res.body.server_version).to.be.an('string');\n        //expect(res.body.server_version).to.equal('4f4e5c22');\n    });",
            "err": {},
            "isRoot": false,
            "uuid": "ca22876d-c495-4dad-93fb-013cc92a46e9",
            "isHook": false,
            "skipped": false
          }
        ],
        "suites": [],
        "passes": [
          "8e5c3d62-86fd-47f5-86cf-0962191fa56b",
          "d0fa42d1-ebd6-4de5-8f31-1085133bcd4c",
          "1a45d83d-e47b-44f8-9c98-58331dbbf926",
          "2c4c5137-5d94-410f-ba0a-c2e641a36bbb",
          "40bb2f58-cee3-4a49-ad38-83e67a68887a",
          "a1717275-6a4e-4996-9932-2c632d066c49",
          "6b5963f2-a04c-430c-97fa-a341a094d8a4",
          "392ecab0-c2c3-46de-84d7-054abacb811d",
          "4c4e5f14-82cc-41ae-9494-d55c4a11b34d",
          "33e85b74-080b-47d7-a93f-d0d9ebcc8cac",
          "9d849411-c10a-474f-96e0-ca7539245b31",
          "ac917679-1c4e-401e-bfa5-b85d936922e0",
          "ddc25a9d-5989-4cd8-babb-5ca075f01877",
          "beec0c75-0b1e-4809-b2c5-a7a458904277",
          "e27e7aa8-6d8f-44c6-b9c8-0aa1672e7e68",
          "708ad545-b2c7-4577-b592-0db69d8a37f5",
          "185237cb-76c3-45c8-bd9f-5e53e758ba86",
          "706f9d20-ee87-4c87-afbc-cd37f16a82e2",
          "e3a46eff-8358-4294-bf95-d13dfc01ae6a",
          "3d9271e6-e136-4010-bccd-a59d208dba8c",
          "3f1a8510-d999-4828-9213-398938ce4240",
          "f34664db-9514-4549-8705-a4959899aa7e",
          "e56d28fd-c7e1-4e3e-87b0-f02e5eda87e6",
          "6e2ff9c9-d61d-4203-9ddc-1f120adb5b0c",
          "9b4b9918-4a61-4d70-bedd-910b9875a75f",
          "88c65e14-fcfa-4e59-ace3-be9ca8d0406c",
          "cd184bca-3421-48e7-930c-ad1e46afdf66",
          "3c01cdc5-48bb-4326-8021-69455dc2f8d2",
          "0844c0dc-f92f-419d-8fda-f04a1d7bdd98",
          "00bbdedd-1ad5-49d2-9d8f-e4f2036eb1a6",
          "fd704854-ddaf-4917-b3c6-f7c19a22e4ff",
          "00b739f9-e4a4-4c66-99cb-6a7b6b3e96de",
          "190dff6f-645d-4319-bd50-23d986f0cfbb",
          "d02fc6e0-9ae4-45aa-a737-549c46c4c722",
          "d1a5b041-4f2b-4320-b612-eb98096270a9",
          "774ad8c1-84e7-4ee2-b518-cbe76643c390",
          "6a680595-f7a1-46eb-961b-45e3d32f7125",
          "f454b08a-ff1a-4f69-89f0-1e26087b1d6d",
          "b471b0ad-92ee-43dd-a51f-efd1ccd56b09",
          "efe15099-5fe6-4b46-95eb-dc88e87a67de",
          "ef25460b-121d-4cac-a8e4-46f5a0195eb3",
          "0d06e242-5148-4866-ab28-fa38a4c00857",
          "bba2083b-bad5-4f38-bdbc-22e4c759cab8",
          "b2815399-9ccf-4817-9fd1-54adade45596",
          "0caa881c-0e36-4a54-9b16-fce13bbf2b13",
          "ca22876d-c495-4dad-93fb-013cc92a46e9"
        ],
        "failures": [],
        "pending": [],
        "skipped": [],
        "duration": 11158,
        "root": false,
        "rootEmpty": false,
        "_timeout": 10000
      }
    ],
    "passes": [],
    "failures": [],
    "pending": [],
    "skipped": [],
    "duration": 0,
    "root": true,
    "rootEmpty": true,
    "_timeout": 2000
  },
  "copyrightYear": 2018
}